
[93m2024-08-16_13-11-13 1936 a5412dafa9af43f3354186c1daefa85d Hdbygdla flash Miguel_Moran 172.16.37.163: EVIDENCIA:

<HTML><HEAD><meta http-equiv="content-type" content="text/html;charset=utf-8">
<TITLE>301 Moved</TITLE></HEAD><BODY>
<H1>301 Moved</H1>
The document has moved
<A HREF="http://www.google.com/">here</A>.
</BODY></HTML>

[93m2024-08-16_13-11-51 1936 a5412dafa9af43f3354186c1daefa85d Hdbygdla flash Miguel_Moran 172.16.37.163: EVIDENCIA:

<HTML><HEAD><meta http-equiv="content-type" content="text/html;charset=utf-8">
<TITLE>301 Moved</TITLE></HEAD><BODY>
<H1>301 Moved</H1>
The document has moved
<A HREF="http://www.google.com/">here</A>.
</BODY></HTML>

[93m2024-08-16_13-11-57 1936 a5412dafa9af43f3354186c1daefa85d Hdbygdla flash Miguel_Moran 172.16.37.163: EVIDENCIA:

<HTML><HEAD><meta http-equiv="content-type" content="text/html;charset=utf-8">
<TITLE>301 Moved</TITLE></HEAD><BODY>
<H1>301 Moved</H1>
The document has moved
<A HREF="http://www.google.com/">here</A>.
</BODY></HTML>

[93m2024-08-16_13-12-02 1936 a5412dafa9af43f3354186c1daefa85d Hdbygdla flash Miguel_Moran 172.16.37.163: EVIDENCIA:

<HTML><HEAD><meta http-equiv="content-type" content="text/html;charset=utf-8">
<TITLE>301 Moved</TITLE></HEAD><BODY>
<H1>301 Moved</H1>
The document has moved
<A HREF="http://www.google.com/">here</A>.
</BODY></HTML>

[93m2024-08-16_13-12-07 1936 a5412dafa9af43f3354186c1daefa85d Hdbygdla flash Miguel_Moran 172.16.37.163: EVIDENCIA:

<HTML><HEAD><meta http-equiv="content-type" content="text/html;charset=utf-8">
<TITLE>301 Moved</TITLE></HEAD><BODY>
<H1>301 Moved</H1>
The document has moved
<A HREF="http://www.google.com/">here</A>.
</BODY></HTML>

[93m2024-08-16_13-12-12 1936 a5412dafa9af43f3354186c1daefa85d Hdbygdla flash Miguel_Moran 172.16.37.163: EVIDENCIA:

<HTML><HEAD><meta http-equiv="content-type" content="text/html;charset=utf-8">
<TITLE>301 Moved</TITLE></HEAD><BODY>
<H1>301 Moved</H1>
The document has moved
<A HREF="http://www.google.com/">here</A>.
</BODY></HTML>

[93m2024-08-16_13-12-16 1936 a5412dafa9af43f3354186c1daefa85d Hdbygdla flash Miguel_Moran 172.16.37.163: EVIDENCIA:

<HTML><HEAD><meta http-equiv="content-type" content="text/html;charset=utf-8">
<TITLE>301 Moved</TITLE></HEAD><BODY>
<H1>301 Moved</H1>
The document has moved
<A HREF="http://www.google.com/">here</A>.
</BODY></HTML>

[93m2024-08-16_13-12-21 1936 a5412dafa9af43f3354186c1daefa85d Hdbygdla flash Miguel_Moran 172.16.37.163: EVIDENCIA:

<HTML><HEAD><meta http-equiv="content-type" content="text/html;charset=utf-8">
<TITLE>301 Moved</TITLE></HEAD><BODY>
<H1>301 Moved</H1>
The document has moved
<A HREF="http://www.google.com/">here</A>.
</BODY></HTML>

[93m2024-08-16_13-12-25 1936 a5412dafa9af43f3354186c1daefa85d Hdbygdla flash Miguel_Moran 172.16.37.163: EVIDENCIA:

<HTML><HEAD><meta http-equiv="content-type" content="text/html;charset=utf-8">
<TITLE>301 Moved</TITLE></HEAD><BODY>
<H1>301 Moved</H1>
The document has moved
<A HREF="http://www.google.com/">here</A>.
</BODY></HTML>

[93m2024-08-16_13-12-29 1936 a5412dafa9af43f3354186c1daefa85d Hdbygdla flash Miguel_Moran 172.16.37.163: EVIDENCIA:

<HTML><HEAD><meta http-equiv="content-type" content="text/html;charset=utf-8">
<TITLE>301 Moved</TITLE></HEAD><BODY>
<H1>301 Moved</H1>
The document has moved
<A HREF="http://www.google.com/">here</A>.
</BODY></HTML>

[93m2024-08-16_13-12-33 1936 a5412dafa9af43f3354186c1daefa85d Hdbygdla flash Miguel_Moran 172.16.37.163: EVIDENCIA:

<HTML><HEAD><meta http-equiv="content-type" content="text/html;charset=utf-8">
<TITLE>301 Moved</TITLE></HEAD><BODY>
<H1>301 Moved</H1>
The document has moved
<A HREF="http://www.google.com/">here</A>.
</BODY></HTML>

[93m2024-08-16_13-12-37 1936 a5412dafa9af43f3354186c1daefa85d Hdbygdla flash Miguel_Moran 172.16.37.163: EVIDENCIA:

<HTML><HEAD><meta http-equiv="content-type" content="text/html;charset=utf-8">
<TITLE>301 Moved</TITLE></HEAD><BODY>
<H1>301 Moved</H1>
The document has moved
<A HREF="http://www.google.com/">here</A>.
</BODY></HTML>

[93m2024-08-16_13-12-42 1936 a5412dafa9af43f3354186c1daefa85d Hdbygdla flash Miguel_Moran 172.16.37.163: EVIDENCIA:

<HTML><HEAD><meta http-equiv="content-type" content="text/html;charset=utf-8">
<TITLE>301 Moved</TITLE></HEAD><BODY>
<H1>301 Moved</H1>
The document has moved
<A HREF="http://www.google.com/">here</A>.
</BODY></HTML>

[93m2024-08-16_13-12-46 1936 a5412dafa9af43f3354186c1daefa85d Hdbygdla flash Miguel_Moran 172.16.37.163: EVIDENCIA:

<HTML><HEAD><meta http-equiv="content-type" content="text/html;charset=utf-8">
<TITLE>301 Moved</TITLE></HEAD><BODY>
<H1>301 Moved</H1>
The document has moved
<A HREF="http://www.google.com/">here</A>.
</BODY></HTML>

[93m2024-08-16_13-12-50 1936 a5412dafa9af43f3354186c1daefa85d Hdbygdla flash Miguel_Moran 172.16.37.163: EVIDENCIA:

<HTML><HEAD><meta http-equiv="content-type" content="text/html;charset=utf-8">
<TITLE>301 Moved</TITLE></HEAD><BODY>
<H1>301 Moved</H1>
The document has moved
<A HREF="http://www.google.com/">here</A>.
</BODY></HTML>

[93m2024-08-16_13-12-54 1936 a5412dafa9af43f3354186c1daefa85d Hdbygdla flash Miguel_Moran 172.16.37.163: EVIDENCIA:

<HTML><HEAD><meta http-equiv="content-type" content="text/html;charset=utf-8">
<TITLE>301 Moved</TITLE></HEAD><BODY>
<H1>301 Moved</H1>
The document has moved
<A HREF="http://www.google.com/">here</A>.
</BODY></HTML>

[93m2024-08-16_13-12-58 1936 a5412dafa9af43f3354186c1daefa85d Hdbygdla flash Miguel_Moran 172.16.37.163: EVIDENCIA:

<HTML><HEAD><meta http-equiv="content-type" content="text/html;charset=utf-8">
<TITLE>301 Moved</TITLE></HEAD><BODY>
<H1>301 Moved</H1>
The document has moved
<A HREF="http://www.google.com/">here</A>.
</BODY></HTML>

[93m2024-08-16_13-13-03 1936 a5412dafa9af43f3354186c1daefa85d Hdbygdla flash Miguel_Moran 172.16.37.163: EVIDENCIA:

<HTML><HEAD><meta http-equiv="content-type" content="text/html;charset=utf-8">
<TITLE>301 Moved</TITLE></HEAD><BODY>
<H1>301 Moved</H1>
The document has moved
<A HREF="http://www.google.com/">here</A>.
</BODY></HTML>

[93m2024-08-16_13-13-12 1936 a5412dafa9af43f3354186c1daefa85d Hdbygdla flash Miguel_Moran 172.16.37.163: EVIDENCIA:

<HTML><HEAD><meta http-equiv="content-type" content="text/html;charset=utf-8">
<TITLE>301 Moved</TITLE></HEAD><BODY>
<H1>301 Moved</H1>
The document has moved
<A HREF="http://www.google.com/">here</A>.
</BODY></HTML>

[93m2024-08-16_13-13-16 1936 a5412dafa9af43f3354186c1daefa85d Hdbygdla flash Miguel_Moran 172.16.37.163: EVIDENCIA:

<HTML><HEAD><meta http-equiv="content-type" content="text/html;charset=utf-8">
<TITLE>301 Moved</TITLE></HEAD><BODY>
<H1>301 Moved</H1>
The document has moved
<A HREF="http://www.google.com/">here</A>.
</BODY></HTML>

[93m2024-08-16_13-13-24 1936 a5412dafa9af43f3354186c1daefa85d Hdbygdla flash Miguel_Moran 172.16.37.163: EVIDENCIA:

<HTML><HEAD><meta http-equiv="content-type" content="text/html;charset=utf-8">
<TITLE>301 Moved</TITLE></HEAD><BODY>
<H1>301 Moved</H1>
The document has moved
<A HREF="http://www.google.com/">here</A>.
</BODY></HTML>

[93m2024-08-16_13-13-30 1936 a5412dafa9af43f3354186c1daefa85d Hdbygdla flash Miguel_Moran 172.16.37.163: EVIDENCIA:

<HTML><HEAD><meta http-equiv="content-type" content="text/html;charset=utf-8">
<TITLE>301 Moved</TITLE></HEAD><BODY>
<H1>301 Moved</H1>
The document has moved
<A HREF="http://www.google.com/">here</A>.
</BODY></HTML>

[93m2024-08-16_13-13-35 1936 a5412dafa9af43f3354186c1daefa85d Hdbygdla flash Miguel_Moran 172.16.37.163: EVIDENCIA:

<HTML><HEAD><meta http-equiv="content-type" content="text/html;charset=utf-8">
<TITLE>301 Moved</TITLE></HEAD><BODY>
<H1>301 Moved</H1>
The document has moved
<A HREF="http://www.google.com/">here</A>.
</BODY></HTML>

[93m2024-08-16_13-13-41 1936 a5412dafa9af43f3354186c1daefa85d Hdbygdla flash Miguel_Moran 172.16.37.163: EVIDENCIA:

<HTML><HEAD><meta http-equiv="content-type" content="text/html;charset=utf-8">
<TITLE>301 Moved</TITLE></HEAD><BODY>
<H1>301 Moved</H1>
The document has moved
<A HREF="http://www.google.com/">here</A>.
</BODY></HTML>

[93m2024-08-16_13-13-47 1936 a5412dafa9af43f3354186c1daefa85d Hdbygdla flash Miguel_Moran 172.16.37.163: EVIDENCIA:

<HTML><HEAD><meta http-equiv="content-type" content="text/html;charset=utf-8">
<TITLE>301 Moved</TITLE></HEAD><BODY>
<H1>301 Moved</H1>
The document has moved
<A HREF="http://www.google.com/">here</A>.
</BODY></HTML>

[93m2024-08-16_13-13-52 1936 a5412dafa9af43f3354186c1daefa85d Hdbygdla flash Miguel_Moran 172.16.37.163: EVIDENCIA:

<HTML><HEAD><meta http-equiv="content-type" content="text/html;charset=utf-8">
<TITLE>301 Moved</TITLE></HEAD><BODY>
<H1>301 Moved</H1>
The document has moved
<A HREF="http://www.google.com/">here</A>.
</BODY></HTML>

[93m2024-08-16_13-13-58 1936 a5412dafa9af43f3354186c1daefa85d Hdbygdla flash Miguel_Moran 172.16.37.163: EVIDENCIA:

<HTML><HEAD><meta http-equiv="content-type" content="text/html;charset=utf-8">
<TITLE>301 Moved</TITLE></HEAD><BODY>
<H1>301 Moved</H1>
The document has moved
<A HREF="http://www.google.com/">here</A>.
</BODY></HTML>

[93m2024-08-16_13-14-03 1936 a5412dafa9af43f3354186c1daefa85d Hdbygdla flash Miguel_Moran 172.16.37.163: EVIDENCIA:

<HTML><HEAD><meta http-equiv="content-type" content="text/html;charset=utf-8">
<TITLE>301 Moved</TITLE></HEAD><BODY>
<H1>301 Moved</H1>
The document has moved
<A HREF="http://www.google.com/">here</A>.
</BODY></HTML>

[93m2024-08-16_13-14-09 1936 a5412dafa9af43f3354186c1daefa85d Hdbygdla flash Miguel_Moran 172.16.37.163: EVIDENCIA:

<HTML><HEAD><meta http-equiv="content-type" content="text/html;charset=utf-8">
<TITLE>301 Moved</TITLE></HEAD><BODY>
<H1>301 Moved</H1>
The document has moved
<A HREF="http://www.google.com/">here</A>.
</BODY></HTML>

[93m2024-08-16_13-14-13 1936 a5412dafa9af43f3354186c1daefa85d Hdbygdla flash Miguel_Moran 172.16.37.163: EVIDENCIA:

<HTML><HEAD><meta http-equiv="content-type" content="text/html;charset=utf-8">
<TITLE>301 Moved</TITLE></HEAD><BODY>
<H1>301 Moved</H1>
The document has moved
<A HREF="http://www.google.com/">here</A>.
</BODY></HTML>

[93m2024-08-16_13-14-19 1936 a5412dafa9af43f3354186c1daefa85d Hdbygdla flash Miguel_Moran 172.16.37.163: EVIDENCIA:

<HTML><HEAD><meta http-equiv="content-type" content="text/html;charset=utf-8">
<TITLE>301 Moved</TITLE></HEAD><BODY>
<H1>301 Moved</H1>
The document has moved
<A HREF="http://www.google.com/">here</A>.
</BODY></HTML>

[93m2024-08-16_13-14-24 1936 a5412dafa9af43f3354186c1daefa85d Hdbygdla flash Miguel_Moran 172.16.37.163: EVIDENCIA:

<HTML><HEAD><meta http-equiv="content-type" content="text/html;charset=utf-8">
<TITLE>301 Moved</TITLE></HEAD><BODY>
<H1>301 Moved</H1>
The document has moved
<A HREF="http://www.google.com/">here</A>.
</BODY></HTML>

[93m2024-08-16_13-14-28 1936 a5412dafa9af43f3354186c1daefa85d Hdbygdla flash Miguel_Moran 172.16.37.163: EVIDENCIA:

<HTML><HEAD><meta http-equiv="content-type" content="text/html;charset=utf-8">
<TITLE>301 Moved</TITLE></HEAD><BODY>
<H1>301 Moved</H1>
The document has moved
<A HREF="http://www.google.com/">here</A>.
</BODY></HTML>

[93m2024-08-16_13-14-33 1936 a5412dafa9af43f3354186c1daefa85d Hdbygdla flash Miguel_Moran 172.16.37.163: EVIDENCIA:

<HTML><HEAD><meta http-equiv="content-type" content="text/html;charset=utf-8">
<TITLE>301 Moved</TITLE></HEAD><BODY>
<H1>301 Moved</H1>
The document has moved
<A HREF="http://www.google.com/">here</A>.
</BODY></HTML>

[93m2024-08-16_13-14-38 1936 a5412dafa9af43f3354186c1daefa85d Hdbygdla flash Miguel_Moran 172.16.37.163: EVIDENCIA:

<HTML><HEAD><meta http-equiv="content-type" content="text/html;charset=utf-8">
<TITLE>301 Moved</TITLE></HEAD><BODY>
<H1>301 Moved</H1>
The document has moved
<A HREF="http://www.google.com/">here</A>.
</BODY></HTML>

[93m2024-08-16_13-14-44 1936 a5412dafa9af43f3354186c1daefa85d Hdbygdla flash Miguel_Moran 172.16.37.163: EVIDENCIA:

<HTML><HEAD><meta http-equiv="content-type" content="text/html;charset=utf-8">
<TITLE>301 Moved</TITLE></HEAD><BODY>
<H1>301 Moved</H1>
The document has moved
<A HREF="http://www.google.com/">here</A>.
</BODY></HTML>

[93m2024-08-16_13-14-49 1936 a5412dafa9af43f3354186c1daefa85d Hdbygdla flash Miguel_Moran 172.16.37.163: EVIDENCIA:

<HTML><HEAD><meta http-equiv="content-type" content="text/html;charset=utf-8">
<TITLE>301 Moved</TITLE></HEAD><BODY>
<H1>301 Moved</H1>
The document has moved
<A HREF="http://www.google.com/">here</A>.
</BODY></HTML>

[93m2024-08-16_13-14-55 1936 a5412dafa9af43f3354186c1daefa85d Hdbygdla flash Miguel_Moran 172.16.37.163: EVIDENCIA:

<HTML><HEAD><meta http-equiv="content-type" content="text/html;charset=utf-8">
<TITLE>301 Moved</TITLE></HEAD><BODY>
<H1>301 Moved</H1>
The document has moved
<A HREF="http://www.google.com/">here</A>.
</BODY></HTML>

[93m2024-08-16_13-15-00 1936 a5412dafa9af43f3354186c1daefa85d Hdbygdla flash Miguel_Moran 172.16.37.163: EVIDENCIA:

<HTML><HEAD><meta http-equiv="content-type" content="text/html;charset=utf-8">
<TITLE>301 Moved</TITLE></HEAD><BODY>
<H1>301 Moved</H1>
The document has moved
<A HREF="http://www.google.com/">here</A>.
</BODY></HTML>

[93m2024-08-16_13-15-06 1936 a5412dafa9af43f3354186c1daefa85d Hdbygdla flash Miguel_Moran 172.16.37.163: EVIDENCIA:

<HTML><HEAD><meta http-equiv="content-type" content="text/html;charset=utf-8">
<TITLE>301 Moved</TITLE></HEAD><BODY>
<H1>301 Moved</H1>
The document has moved
<A HREF="http://www.google.com/">here</A>.
</BODY></HTML>

[93m2024-08-16_13-15-12 1936 a5412dafa9af43f3354186c1daefa85d Hdbygdla flash Miguel_Moran 172.16.37.163: EVIDENCIA:

<HTML><HEAD><meta http-equiv="content-type" content="text/html;charset=utf-8">
<TITLE>301 Moved</TITLE></HEAD><BODY>
<H1>301 Moved</H1>
The document has moved
<A HREF="http://www.google.com/">here</A>.
</BODY></HTML>

[93m2024-08-16_13-15-17 1936 a5412dafa9af43f3354186c1daefa85d Hdbygdla flash Miguel_Moran 172.16.37.163: EVIDENCIA:

<HTML><HEAD><meta http-equiv="content-type" content="text/html;charset=utf-8">
<TITLE>301 Moved</TITLE></HEAD><BODY>
<H1>301 Moved</H1>
The document has moved
<A HREF="http://www.google.com/">here</A>.
</BODY></HTML>

[93m2024-08-16_13-15-22 1936 a5412dafa9af43f3354186c1daefa85d Hdbygdla flash Miguel_Moran 172.16.37.163: EVIDENCIA:

<HTML><HEAD><meta http-equiv="content-type" content="text/html;charset=utf-8">
<TITLE>301 Moved</TITLE></HEAD><BODY>
<H1>301 Moved</H1>
The document has moved
<A HREF="http://www.google.com/">here</A>.
</BODY></HTML>

[93m2024-08-16_13-15-27 1936 a5412dafa9af43f3354186c1daefa85d Hdbygdla flash Miguel_Moran 172.16.37.163: EVIDENCIA:

<HTML><HEAD><meta http-equiv="content-type" content="text/html;charset=utf-8">
<TITLE>301 Moved</TITLE></HEAD><BODY>
<H1>301 Moved</H1>
The document has moved
<A HREF="http://www.google.com/">here</A>.
</BODY></HTML>

[93m2024-08-16_13-15-33 1936 a5412dafa9af43f3354186c1daefa85d Hdbygdla flash Miguel_Moran 172.16.37.163: EVIDENCIA:

<HTML><HEAD><meta http-equiv="content-type" content="text/html;charset=utf-8">
<TITLE>301 Moved</TITLE></HEAD><BODY>
<H1>301 Moved</H1>
The document has moved
<A HREF="http://www.google.com/">here</A>.
</BODY></HTML>

[93m2024-08-16_13-15-38 1936 a5412dafa9af43f3354186c1daefa85d Hdbygdla flash Miguel_Moran 172.16.37.163: EVIDENCIA:

<HTML><HEAD><meta http-equiv="content-type" content="text/html;charset=utf-8">
<TITLE>301 Moved</TITLE></HEAD><BODY>
<H1>301 Moved</H1>
The document has moved
<A HREF="http://www.google.com/">here</A>.
</BODY></HTML>

[93m2024-08-16_13-15-44 1936 a5412dafa9af43f3354186c1daefa85d Hdbygdla flash Miguel_Moran 172.16.37.163: EVIDENCIA:

<HTML><HEAD><meta http-equiv="content-type" content="text/html;charset=utf-8">
<TITLE>301 Moved</TITLE></HEAD><BODY>
<H1>301 Moved</H1>
The document has moved
<A HREF="http://www.google.com/">here</A>.
</BODY></HTML>

[93m2024-08-16_13-15-49 1936 a5412dafa9af43f3354186c1daefa85d Hdbygdla flash Miguel_Moran 172.16.37.163: EVIDENCIA:

<HTML><HEAD><meta http-equiv="content-type" content="text/html;charset=utf-8">
<TITLE>301 Moved</TITLE></HEAD><BODY>
<H1>301 Moved</H1>
The document has moved
<A HREF="http://www.google.com/">here</A>.
</BODY></HTML>

[93m2024-08-16_13-15-55 1936 a5412dafa9af43f3354186c1daefa85d Hdbygdla flash Miguel_Moran 172.16.37.163: EVIDENCIA:

<HTML><HEAD><meta http-equiv="content-type" content="text/html;charset=utf-8">
<TITLE>301 Moved</TITLE></HEAD><BODY>
<H1>301 Moved</H1>
The document has moved
<A HREF="http://www.google.com/">here</A>.
</BODY></HTML>

[93m2024-08-16_13-16-00 1936 a5412dafa9af43f3354186c1daefa85d Hdbygdla flash Miguel_Moran 172.16.37.163: EVIDENCIA:

<HTML><HEAD><meta http-equiv="content-type" content="text/html;charset=utf-8">
<TITLE>301 Moved</TITLE></HEAD><BODY>
<H1>301 Moved</H1>
The document has moved
<A HREF="http://www.google.com/">here</A>.
</BODY></HTML>

[93m2024-08-16_13-16-06 1936 a5412dafa9af43f3354186c1daefa85d Hdbygdla flash Miguel_Moran 172.16.37.163: EVIDENCIA:

<HTML><HEAD><meta http-equiv="content-type" content="text/html;charset=utf-8">
<TITLE>301 Moved</TITLE></HEAD><BODY>
<H1>301 Moved</H1>
The document has moved
<A HREF="http://www.google.com/">here</A>.
</BODY></HTML>

[93m2024-08-16_13-16-11 1936 a5412dafa9af43f3354186c1daefa85d Hdbygdla flash Miguel_Moran 172.16.37.163: EVIDENCIA:

<HTML><HEAD><meta http-equiv="content-type" content="text/html;charset=utf-8">
<TITLE>301 Moved</TITLE></HEAD><BODY>
<H1>301 Moved</H1>
The document has moved
<A HREF="http://www.google.com/">here</A>.
</BODY></HTML>

[93m2024-08-16_13-16-16 1936 a5412dafa9af43f3354186c1daefa85d Hdbygdla flash Miguel_Moran 172.16.37.163: EVIDENCIA:

<HTML><HEAD><meta http-equiv="content-type" content="text/html;charset=utf-8">
<TITLE>301 Moved</TITLE></HEAD><BODY>
<H1>301 Moved</H1>
The document has moved
<A HREF="http://www.google.com/">here</A>.
</BODY></HTML>

[93m2024-08-16_13-16-22 1936 a5412dafa9af43f3354186c1daefa85d Hdbygdla flash Miguel_Moran 172.16.37.163: EVIDENCIA:

<HTML><HEAD><meta http-equiv="content-type" content="text/html;charset=utf-8">
<TITLE>301 Moved</TITLE></HEAD><BODY>
<H1>301 Moved</H1>
The document has moved
<A HREF="http://www.google.com/">here</A>.
</BODY></HTML>

[93m2024-08-16_13-16-27 1936 a5412dafa9af43f3354186c1daefa85d Hdbygdla flash Miguel_Moran 172.16.37.163: EVIDENCIA:

<HTML><HEAD><meta http-equiv="content-type" content="text/html;charset=utf-8">
<TITLE>301 Moved</TITLE></HEAD><BODY>
<H1>301 Moved</H1>
The document has moved
<A HREF="http://www.google.com/">here</A>.
</BODY></HTML>

[93m2024-08-16_13-16-33 1936 a5412dafa9af43f3354186c1daefa85d Hdbygdla flash Miguel_Moran 172.16.37.163: EVIDENCIA:

<HTML><HEAD><meta http-equiv="content-type" content="text/html;charset=utf-8">
<TITLE>301 Moved</TITLE></HEAD><BODY>
<H1>301 Moved</H1>
The document has moved
<A HREF="http://www.google.com/">here</A>.
</BODY></HTML>

[93m2024-08-16_13-16-38 1936 a5412dafa9af43f3354186c1daefa85d Hdbygdla flash Miguel_Moran 172.16.37.163: EVIDENCIA:

<HTML><HEAD><meta http-equiv="content-type" content="text/html;charset=utf-8">
<TITLE>301 Moved</TITLE></HEAD><BODY>
<H1>301 Moved</H1>
The document has moved
<A HREF="http://www.google.com/">here</A>.
</BODY></HTML>

[93m2024-08-16_13-16-43 1936 a5412dafa9af43f3354186c1daefa85d Hdbygdla flash Miguel_Moran 172.16.37.163: EVIDENCIA:

<HTML><HEAD><meta http-equiv="content-type" content="text/html;charset=utf-8">
<TITLE>301 Moved</TITLE></HEAD><BODY>
<H1>301 Moved</H1>
The document has moved
<A HREF="http://www.google.com/">here</A>.
</BODY></HTML>

[93m2024-08-16_13-16-48 1936 a5412dafa9af43f3354186c1daefa85d Hdbygdla flash Miguel_Moran 172.16.37.163: EVIDENCIA:

<HTML><HEAD><meta http-equiv="content-type" content="text/html;charset=utf-8">
<TITLE>301 Moved</TITLE></HEAD><BODY>
<H1>301 Moved</H1>
The document has moved
<A HREF="http://www.google.com/">here</A>.
</BODY></HTML>

[93m2024-08-16_13-16-54 1936 a5412dafa9af43f3354186c1daefa85d Hdbygdla flash Miguel_Moran 172.16.37.163: EVIDENCIA:

<HTML><HEAD><meta http-equiv="content-type" content="text/html;charset=utf-8">
<TITLE>301 Moved</TITLE></HEAD><BODY>
<H1>301 Moved</H1>
The document has moved
<A HREF="http://www.google.com/">here</A>.
</BODY></HTML>

[93m2024-08-16_13-17-14 1229 a5412dafa9af43f3354186c1daefa85d Hdbygdla flash Miguel_Moran 172.16.37.163: EVIDENCIA:

<HTML><HEAD><meta http-equiv="content-type" content="text/html;charset=utf-8">
<TITLE>301 Moved</TITLE></HEAD><BODY>
<H1>301 Moved</H1>
The document has moved
<A HREF="http://www.google.com/">here</A>.
</BODY></HTML>

[93m2024-08-16_13-17-20 1229 a5412dafa9af43f3354186c1daefa85d Hdbygdla flash Miguel_Moran 172.16.37.163: EVIDENCIA:

<HTML><HEAD><meta http-equiv="content-type" content="text/html;charset=utf-8">
<TITLE>301 Moved</TITLE></HEAD><BODY>
<H1>301 Moved</H1>
The document has moved
<A HREF="http://www.google.com/">here</A>.
</BODY></HTML>

[93m2024-08-16_13-17-25 1229 a5412dafa9af43f3354186c1daefa85d Hdbygdla flash Miguel_Moran 172.16.37.163: EVIDENCIA:

<HTML><HEAD><meta http-equiv="content-type" content="text/html;charset=utf-8">
<TITLE>301 Moved</TITLE></HEAD><BODY>
<H1>301 Moved</H1>
The document has moved
<A HREF="http://www.google.com/">here</A>.
</BODY></HTML>

[93m2024-08-16_13-17-31 1229 a5412dafa9af43f3354186c1daefa85d Hdbygdla flash Miguel_Moran 172.16.37.163: EVIDENCIA:

<HTML><HEAD><meta http-equiv="content-type" content="text/html;charset=utf-8">
<TITLE>301 Moved</TITLE></HEAD><BODY>
<H1>301 Moved</H1>
The document has moved
<A HREF="http://www.google.com/">here</A>.
</BODY></HTML>

[93m2024-08-16_13-17-36 1229 a5412dafa9af43f3354186c1daefa85d Hdbygdla flash Miguel_Moran 172.16.37.163: EVIDENCIA:

<HTML><HEAD><meta http-equiv="content-type" content="text/html;charset=utf-8">
<TITLE>301 Moved</TITLE></HEAD><BODY>
<H1>301 Moved</H1>
The document has moved
<A HREF="http://www.google.com/">here</A>.
</BODY></HTML>

[93m2024-08-16_13-17-41 1229 a5412dafa9af43f3354186c1daefa85d Hdbygdla flash Miguel_Moran 172.16.37.163: EVIDENCIA:

<HTML><HEAD><meta http-equiv="content-type" content="text/html;charset=utf-8">
<TITLE>301 Moved</TITLE></HEAD><BODY>
<H1>301 Moved</H1>
The document has moved
<A HREF="http://www.google.com/">here</A>.
</BODY></HTML>

[93m2024-08-16_13-17-46 1229 a5412dafa9af43f3354186c1daefa85d Hdbygdla flash Miguel_Moran 172.16.37.163: EVIDENCIA:

<HTML><HEAD><meta http-equiv="content-type" content="text/html;charset=utf-8">
<TITLE>301 Moved</TITLE></HEAD><BODY>
<H1>301 Moved</H1>
The document has moved
<A HREF="http://www.google.com/">here</A>.
</BODY></HTML>

[93m2024-08-16_13-17-52 1229 a5412dafa9af43f3354186c1daefa85d Hdbygdla flash Miguel_Moran 172.16.37.163: EVIDENCIA:

<HTML><HEAD><meta http-equiv="content-type" content="text/html;charset=utf-8">
<TITLE>301 Moved</TITLE></HEAD><BODY>
<H1>301 Moved</H1>
The document has moved
<A HREF="http://www.google.com/">here</A>.
</BODY></HTML>

[93m2024-08-16_13-17-57 1229 a5412dafa9af43f3354186c1daefa85d Hdbygdla flash Miguel_Moran 172.16.37.163: EVIDENCIA:

<HTML><HEAD><meta http-equiv="content-type" content="text/html;charset=utf-8">
<TITLE>301 Moved</TITLE></HEAD><BODY>
<H1>301 Moved</H1>
The document has moved
<A HREF="http://www.google.com/">here</A>.
</BODY></HTML>

[93m2024-08-16_13-18-03 1229 a5412dafa9af43f3354186c1daefa85d Hdbygdla flash Miguel_Moran 172.16.37.163: EVIDENCIA:

<HTML><HEAD><meta http-equiv="content-type" content="text/html;charset=utf-8">
<TITLE>301 Moved</TITLE></HEAD><BODY>
<H1>301 Moved</H1>
The document has moved
<A HREF="http://www.google.com/">here</A>.
</BODY></HTML>

[93m2024-08-16_13-18-07 1229 a5412dafa9af43f3354186c1daefa85d Hdbygdla flash Miguel_Moran 172.16.37.163: EVIDENCIA:

<HTML><HEAD><meta http-equiv="content-type" content="text/html;charset=utf-8">
<TITLE>301 Moved</TITLE></HEAD><BODY>
<H1>301 Moved</H1>
The document has moved
<A HREF="http://www.google.com/">here</A>.
</BODY></HTML>

[93m2024-08-16_13-18-13 1229 a5412dafa9af43f3354186c1daefa85d Hdbygdla flash Miguel_Moran 172.16.37.163: EVIDENCIA:

<HTML><HEAD><meta http-equiv="content-type" content="text/html;charset=utf-8">
<TITLE>301 Moved</TITLE></HEAD><BODY>
<H1>301 Moved</H1>
The document has moved
<A HREF="http://www.google.com/">here</A>.
</BODY></HTML>

[93m2024-08-16_13-18-27 1229 a5412dafa9af43f3354186c1daefa85d Hdbygdla flash Miguel_Moran 172.16.37.163: EVIDENCIA:

<HTML><HEAD><meta http-equiv="content-type" content="text/html;charset=utf-8">
<TITLE>301 Moved</TITLE></HEAD><BODY>
<H1>301 Moved</H1>
The document has moved
<A HREF="http://www.google.com/">here</A>.
</BODY></HTML>

[93m2024-08-16_13-18-32 1229 a5412dafa9af43f3354186c1daefa85d Hdbygdla flash Miguel_Moran 172.16.37.163: EVIDENCIA:

<HTML><HEAD><meta http-equiv="content-type" content="text/html;charset=utf-8">
<TITLE>301 Moved</TITLE></HEAD><BODY>
<H1>301 Moved</H1>
The document has moved
<A HREF="http://www.google.com/">here</A>.
</BODY></HTML>

[93m2024-08-16_13-18-39 1229 a5412dafa9af43f3354186c1daefa85d Hdbygdla flash Miguel_Moran 172.16.37.163: EVIDENCIA:

<HTML><HEAD><meta http-equiv="content-type" content="text/html;charset=utf-8">
<TITLE>301 Moved</TITLE></HEAD><BODY>
<H1>301 Moved</H1>
The document has moved
<A HREF="http://www.google.com/">here</A>.
</BODY></HTML>

[93m2024-08-16_13-18-44 1229 a5412dafa9af43f3354186c1daefa85d Hdbygdla flash Miguel_Moran 172.16.37.163: EVIDENCIA:

<HTML><HEAD><meta http-equiv="content-type" content="text/html;charset=utf-8">
<TITLE>301 Moved</TITLE></HEAD><BODY>
<H1>301 Moved</H1>
The document has moved
<A HREF="http://www.google.com/">here</A>.
</BODY></HTML>

[93m2024-08-16_13-18-50 1229 a5412dafa9af43f3354186c1daefa85d Hdbygdla flash Miguel_Moran 172.16.37.163: EVIDENCIA:

<HTML><HEAD><meta http-equiv="content-type" content="text/html;charset=utf-8">
<TITLE>301 Moved</TITLE></HEAD><BODY>
<H1>301 Moved</H1>
The document has moved
<A HREF="http://www.google.com/">here</A>.
</BODY></HTML>

[93m2024-08-16_13-36-47 1229 a5412dafa9af43f3354186c1daefa85d Hdbygdla flash Miguel_Moran 192.168.206.22: EVIDENCIA:

<HTML><HEAD><meta http-equiv="content-type" content="text/html;charset=utf-8">
<TITLE>301 Moved</TITLE></HEAD><BODY>
<H1>301 Moved</H1>
The document has moved
<A HREF="http://www.google.com/">here</A>.
</BODY></HTML>

[93m2024-08-16_13-36-53 1229 a5412dafa9af43f3354186c1daefa85d Hdbygdla flash Miguel_Moran 192.168.206.22: EVIDENCIA:

<HTML><HEAD><meta http-equiv="content-type" content="text/html;charset=utf-8">
<TITLE>301 Moved</TITLE></HEAD><BODY>
<H1>301 Moved</H1>
The document has moved
<A HREF="http://www.google.com/">here</A>.
</BODY></HTML>

[93m2024-08-16_13-36-58 1229 a5412dafa9af43f3354186c1daefa85d Hdbygdla flash Miguel_Moran 192.168.206.22: EVIDENCIA:

<HTML><HEAD><meta http-equiv="content-type" content="text/html;charset=utf-8">
<TITLE>301 Moved</TITLE></HEAD><BODY>
<H1>301 Moved</H1>
The document has moved
<A HREF="http://www.google.com/">here</A>.
</BODY></HTML>

[93m2024-08-16_13-37-06 1229 a5412dafa9af43f3354186c1daefa85d Hdbygdla flash Miguel_Moran 192.168.206.22: EVIDENCIA:

<HTML><HEAD><meta http-equiv="content-type" content="text/html;charset=utf-8">
<TITLE>301 Moved</TITLE></HEAD><BODY>
<H1>301 Moved</H1>
The document has moved
<A HREF="http://www.google.com/">here</A>.
</BODY></HTML>

[93m2024-08-16_13-37-14 1229 a5412dafa9af43f3354186c1daefa85d Hdbygdla flash Miguel_Moran 192.168.206.22: EVIDENCIA:

<HTML><HEAD><meta http-equiv="content-type" content="text/html;charset=utf-8">
<TITLE>301 Moved</TITLE></HEAD><BODY>
<H1>301 Moved</H1>
The document has moved
<A HREF="http://www.google.com/">here</A>.
</BODY></HTML>

[93m2024-08-16_13-37-22 1229 a5412dafa9af43f3354186c1daefa85d Hdbygdla flash Miguel_Moran 192.168.206.22: EVIDENCIA:

<HTML><HEAD><meta http-equiv="content-type" content="text/html;charset=utf-8">
<TITLE>301 Moved</TITLE></HEAD><BODY>
<H1>301 Moved</H1>
The document has moved
<A HREF="http://www.google.com/">here</A>.
</BODY></HTML>

[93m2024-08-16_13-37-27 1229 a5412dafa9af43f3354186c1daefa85d Hdbygdla flash Miguel_Moran 192.168.206.22: EVIDENCIA:

<HTML><HEAD><meta http-equiv="content-type" content="text/html;charset=utf-8">
<TITLE>301 Moved</TITLE></HEAD><BODY>
<H1>301 Moved</H1>
The document has moved
<A HREF="http://www.google.com/">here</A>.
</BODY></HTML>

[93m2024-08-16_13-37-31 1229 a5412dafa9af43f3354186c1daefa85d Hdbygdla flash Miguel_Moran 192.168.206.22: EVIDENCIA:

<HTML><HEAD><meta http-equiv="content-type" content="text/html;charset=utf-8">
<TITLE>301 Moved</TITLE></HEAD><BODY>
<H1>301 Moved</H1>
The document has moved
<A HREF="http://www.google.com/">here</A>.
</BODY></HTML>

[93m2024-08-16_13-37-38 1229 a5412dafa9af43f3354186c1daefa85d Hdbygdla flash Miguel_Moran 192.168.206.22: EVIDENCIA:

<HTML><HEAD><meta http-equiv="content-type" content="text/html;charset=utf-8">
<TITLE>301 Moved</TITLE></HEAD><BODY>
<H1>301 Moved</H1>
The document has moved
<A HREF="http://www.google.com/">here</A>.
</BODY></HTML>

[93m2024-08-16_13-37-46 1229 a5412dafa9af43f3354186c1daefa85d Hdbygdla flash Miguel_Moran 192.168.206.22: EVIDENCIA:

<HTML><HEAD><meta http-equiv="content-type" content="text/html;charset=utf-8">
<TITLE>301 Moved</TITLE></HEAD><BODY>
<H1>301 Moved</H1>
The document has moved
<A HREF="http://www.google.com/">here</A>.
</BODY></HTML>

[93m2024-08-16_13-37-52 1229 a5412dafa9af43f3354186c1daefa85d Hdbygdla flash Miguel_Moran 192.168.206.22: EVIDENCIA:

<HTML><HEAD><meta http-equiv="content-type" content="text/html;charset=utf-8">
<TITLE>301 Moved</TITLE></HEAD><BODY>
<H1>301 Moved</H1>
The document has moved
<A HREF="http://www.google.com/">here</A>.
</BODY></HTML>

[93m2024-08-16_13-37-58 1229 a5412dafa9af43f3354186c1daefa85d Hdbygdla flash Miguel_Moran 192.168.206.22: EVIDENCIA:

<HTML><HEAD><meta http-equiv="content-type" content="text/html;charset=utf-8">
<TITLE>301 Moved</TITLE></HEAD><BODY>
<H1>301 Moved</H1>
The document has moved
<A HREF="http://www.google.com/">here</A>.
</BODY></HTML>

[93m2024-08-16_13-38-04 1229 a5412dafa9af43f3354186c1daefa85d Hdbygdla flash Miguel_Moran 192.168.206.22: EVIDENCIA:

<HTML><HEAD><meta http-equiv="content-type" content="text/html;charset=utf-8">
<TITLE>301 Moved</TITLE></HEAD><BODY>
<H1>301 Moved</H1>
The document has moved
<A HREF="http://www.google.com/">here</A>.
</BODY></HTML>

[93m2024-08-16_13-38-10 1229 a5412dafa9af43f3354186c1daefa85d Hdbygdla flash Miguel_Moran 192.168.206.22: EVIDENCIA:

<HTML><HEAD><meta http-equiv="content-type" content="text/html;charset=utf-8">
<TITLE>301 Moved</TITLE></HEAD><BODY>
<H1>301 Moved</H1>
The document has moved
<A HREF="http://www.google.com/">here</A>.
</BODY></HTML>

[93m2024-08-16_13-38-17 1229 a5412dafa9af43f3354186c1daefa85d Hdbygdla flash Miguel_Moran 192.168.206.22: EVIDENCIA:

<HTML><HEAD><meta http-equiv="content-type" content="text/html;charset=utf-8">
<TITLE>301 Moved</TITLE></HEAD><BODY>
<H1>301 Moved</H1>
The document has moved
<A HREF="http://www.google.com/">here</A>.
</BODY></HTML>

[93m2024-08-16_13-38-24 1229 a5412dafa9af43f3354186c1daefa85d Hdbygdla flash Miguel_Moran 192.168.206.22: EVIDENCIA:

<HTML><HEAD><meta http-equiv="content-type" content="text/html;charset=utf-8">
<TITLE>301 Moved</TITLE></HEAD><BODY>
<H1>301 Moved</H1>
The document has moved
<A HREF="http://www.google.com/">here</A>.
</BODY></HTML>

[93m2024-08-16_13-38-31 1229 a5412dafa9af43f3354186c1daefa85d Hdbygdla flash Miguel_Moran 192.168.206.22: EVIDENCIA:

<HTML><HEAD><meta http-equiv="content-type" content="text/html;charset=utf-8">
<TITLE>301 Moved</TITLE></HEAD><BODY>
<H1>301 Moved</H1>
The document has moved
<A HREF="http://www.google.com/">here</A>.
</BODY></HTML>

[93m2024-08-16_13-38-38 1229 a5412dafa9af43f3354186c1daefa85d Hdbygdla flash Miguel_Moran 192.168.206.22: EVIDENCIA:

<HTML><HEAD><meta http-equiv="content-type" content="text/html;charset=utf-8">
<TITLE>301 Moved</TITLE></HEAD><BODY>
<H1>301 Moved</H1>
The document has moved
<A HREF="http://www.google.com/">here</A>.
</BODY></HTML>

[93m2024-08-16_13-38-45 1229 a5412dafa9af43f3354186c1daefa85d Hdbygdla flash Miguel_Moran 192.168.206.22: EVIDENCIA:

<HTML><HEAD><meta http-equiv="content-type" content="text/html;charset=utf-8">
<TITLE>301 Moved</TITLE></HEAD><BODY>
<H1>301 Moved</H1>
The document has moved
<A HREF="http://www.google.com/">here</A>.
</BODY></HTML>

[93m2024-08-16_13-38-52 1229 a5412dafa9af43f3354186c1daefa85d Hdbygdla flash Miguel_Moran 192.168.206.22: EVIDENCIA:

<HTML><HEAD><meta http-equiv="content-type" content="text/html;charset=utf-8">
<TITLE>301 Moved</TITLE></HEAD><BODY>
<H1>301 Moved</H1>
The document has moved
<A HREF="http://www.google.com/">here</A>.
</BODY></HTML>

[93m2024-08-16_13-38-57 1229 a5412dafa9af43f3354186c1daefa85d Hdbygdla flash Miguel_Moran 192.168.206.22: EVIDENCIA:

<HTML><HEAD><meta http-equiv="content-type" content="text/html;charset=utf-8">
<TITLE>301 Moved</TITLE></HEAD><BODY>
<H1>301 Moved</H1>
The document has moved
<A HREF="http://www.google.com/">here</A>.
</BODY></HTML>

[93m2024-08-16_13-39-04 1229 a5412dafa9af43f3354186c1daefa85d Hdbygdla flash Miguel_Moran 192.168.206.22: EVIDENCIA:

<HTML><HEAD><meta http-equiv="content-type" content="text/html;charset=utf-8">
<TITLE>301 Moved</TITLE></HEAD><BODY>
<H1>301 Moved</H1>
The document has moved
<A HREF="http://www.google.com/">here</A>.
</BODY></HTML>

[93m2024-08-16_13-39-10 1229 a5412dafa9af43f3354186c1daefa85d Hdbygdla flash Miguel_Moran 192.168.206.22: EVIDENCIA:

<HTML><HEAD><meta http-equiv="content-type" content="text/html;charset=utf-8">
<TITLE>301 Moved</TITLE></HEAD><BODY>
<H1>301 Moved</H1>
The document has moved
<A HREF="http://www.google.com/">here</A>.
</BODY></HTML>

[93m2024-08-16_13-39-16 1229 a5412dafa9af43f3354186c1daefa85d Hdbygdla flash Miguel_Moran 192.168.206.22: EVIDENCIA:

<HTML><HEAD><meta http-equiv="content-type" content="text/html;charset=utf-8">
<TITLE>301 Moved</TITLE></HEAD><BODY>
<H1>301 Moved</H1>
The document has moved
<A HREF="http://www.google.com/">here</A>.
</BODY></HTML>

[93m2024-08-16_13-39-23 1229 a5412dafa9af43f3354186c1daefa85d Hdbygdla flash Miguel_Moran 192.168.206.22: EVIDENCIA:

<HTML><HEAD><meta http-equiv="content-type" content="text/html;charset=utf-8">
<TITLE>301 Moved</TITLE></HEAD><BODY>
<H1>301 Moved</H1>
The document has moved
<A HREF="http://www.google.com/">here</A>.
</BODY></HTML>

[93m2024-08-16_13-39-30 1229 a5412dafa9af43f3354186c1daefa85d Hdbygdla flash Miguel_Moran 192.168.206.22: EVIDENCIA:

<HTML><HEAD><meta http-equiv="content-type" content="text/html;charset=utf-8">
<TITLE>301 Moved</TITLE></HEAD><BODY>
<H1>301 Moved</H1>
The document has moved
<A HREF="http://www.google.com/">here</A>.
</BODY></HTML>

[93m2024-08-16_13-39-36 1229 a5412dafa9af43f3354186c1daefa85d Hdbygdla flash Miguel_Moran 192.168.206.22: EVIDENCIA:

<HTML><HEAD><meta http-equiv="content-type" content="text/html;charset=utf-8">
<TITLE>301 Moved</TITLE></HEAD><BODY>
<H1>301 Moved</H1>
The document has moved
<A HREF="http://www.google.com/">here</A>.
</BODY></HTML>

[93m2024-08-16_13-40-20 1229 a5412dafa9af43f3354186c1daefa85d Hdbygdla flash Miguel_Moran 192.168.206.22: EVIDENCIA:

<HTML><HEAD><meta http-equiv="content-type" content="text/html;charset=utf-8">
<TITLE>301 Moved</TITLE></HEAD><BODY>
<H1>301 Moved</H1>
The document has moved
<A HREF="http://www.google.com/">here</A>.
</BODY></HTML>

[93m2024-08-16_13-40-26 1229 a5412dafa9af43f3354186c1daefa85d Hdbygdla flash Miguel_Moran 192.168.206.22: EVIDENCIA:

<HTML><HEAD><meta http-equiv="content-type" content="text/html;charset=utf-8">
<TITLE>301 Moved</TITLE></HEAD><BODY>
<H1>301 Moved</H1>
The document has moved
<A HREF="http://www.google.com/">here</A>.
</BODY></HTML>

[93m2024-08-16_13-40-32 1229 a5412dafa9af43f3354186c1daefa85d Hdbygdla flash Miguel_Moran 192.168.206.22: EVIDENCIA:

<HTML><HEAD><meta http-equiv="content-type" content="text/html;charset=utf-8">
<TITLE>301 Moved</TITLE></HEAD><BODY>
<H1>301 Moved</H1>
The document has moved
<A HREF="http://www.google.com/">here</A>.
</BODY></HTML>

[93m2024-08-16_13-40-38 1229 a5412dafa9af43f3354186c1daefa85d Hdbygdla flash Miguel_Moran 192.168.206.22: EVIDENCIA:

<HTML><HEAD><meta http-equiv="content-type" content="text/html;charset=utf-8">
<TITLE>301 Moved</TITLE></HEAD><BODY>
<H1>301 Moved</H1>
The document has moved
<A HREF="http://www.google.com/">here</A>.
</BODY></HTML>

[93m2024-08-16_13-40-46 1229 a5412dafa9af43f3354186c1daefa85d Hdbygdla flash Miguel_Moran 192.168.206.22: EVIDENCIA:

<HTML><HEAD><meta http-equiv="content-type" content="text/html;charset=utf-8">
<TITLE>301 Moved</TITLE></HEAD><BODY>
<H1>301 Moved</H1>
The document has moved
<A HREF="http://www.google.com/">here</A>.
</BODY></HTML>

[93m2024-08-16_13-40-52 1229 a5412dafa9af43f3354186c1daefa85d Hdbygdla flash Miguel_Moran 192.168.206.22: EVIDENCIA:

<HTML><HEAD><meta http-equiv="content-type" content="text/html;charset=utf-8">
<TITLE>301 Moved</TITLE></HEAD><BODY>
<H1>301 Moved</H1>
The document has moved
<A HREF="http://www.google.com/">here</A>.
</BODY></HTML>

[93m2024-08-16_13-40-58 1229 a5412dafa9af43f3354186c1daefa85d Hdbygdla flash Miguel_Moran 192.168.206.22: EVIDENCIA:

<HTML><HEAD><meta http-equiv="content-type" content="text/html;charset=utf-8">
<TITLE>301 Moved</TITLE></HEAD><BODY>
<H1>301 Moved</H1>
The document has moved
<A HREF="http://www.google.com/">here</A>.
</BODY></HTML>

[93m2024-08-16_13-41-04 1229 a5412dafa9af43f3354186c1daefa85d Hdbygdla flash Miguel_Moran 192.168.206.22: EVIDENCIA:

<HTML><HEAD><meta http-equiv="content-type" content="text/html;charset=utf-8">
<TITLE>301 Moved</TITLE></HEAD><BODY>
<H1>301 Moved</H1>
The document has moved
<A HREF="http://www.google.com/">here</A>.
</BODY></HTML>

[93m2024-08-16_13-41-11 1229 a5412dafa9af43f3354186c1daefa85d Hdbygdla flash Miguel_Moran 192.168.206.22: EVIDENCIA:

<HTML><HEAD><meta http-equiv="content-type" content="text/html;charset=utf-8">
<TITLE>301 Moved</TITLE></HEAD><BODY>
<H1>301 Moved</H1>
The document has moved
<A HREF="http://www.google.com/">here</A>.
</BODY></HTML>

[93m2024-08-16_13-41-18 1229 a5412dafa9af43f3354186c1daefa85d Hdbygdla flash Miguel_Moran 192.168.206.22: EVIDENCIA:

<HTML><HEAD><meta http-equiv="content-type" content="text/html;charset=utf-8">
<TITLE>301 Moved</TITLE></HEAD><BODY>
<H1>301 Moved</H1>
The document has moved
<A HREF="http://www.google.com/">here</A>.
</BODY></HTML>

[93m2024-08-16_13-41-23 1229 a5412dafa9af43f3354186c1daefa85d Hdbygdla flash Miguel_Moran 192.168.206.22: EVIDENCIA:

<HTML><HEAD><meta http-equiv="content-type" content="text/html;charset=utf-8">
<TITLE>301 Moved</TITLE></HEAD><BODY>
<H1>301 Moved</H1>
The document has moved
<A HREF="http://www.google.com/">here</A>.
</BODY></HTML>

[93m2024-08-16_13-41-29 1229 a5412dafa9af43f3354186c1daefa85d Hdbygdla flash Miguel_Moran 192.168.206.22: EVIDENCIA:

<HTML><HEAD><meta http-equiv="content-type" content="text/html;charset=utf-8">
<TITLE>301 Moved</TITLE></HEAD><BODY>
<H1>301 Moved</H1>
The document has moved
<A HREF="http://www.google.com/">here</A>.
</BODY></HTML>

[93m2024-08-16_13-41-36 1229 a5412dafa9af43f3354186c1daefa85d Hdbygdla flash Miguel_Moran 192.168.206.22: EVIDENCIA:

<HTML><HEAD><meta http-equiv="content-type" content="text/html;charset=utf-8">
<TITLE>301 Moved</TITLE></HEAD><BODY>
<H1>301 Moved</H1>
The document has moved
<A HREF="http://www.google.com/">here</A>.
</BODY></HTML>

[93m2024-08-16_13-41-42 1229 a5412dafa9af43f3354186c1daefa85d Hdbygdla flash Miguel_Moran 192.168.206.22: EVIDENCIA:

<HTML><HEAD><meta http-equiv="content-type" content="text/html;charset=utf-8">
<TITLE>301 Moved</TITLE></HEAD><BODY>
<H1>301 Moved</H1>
The document has moved
<A HREF="http://www.google.com/">here</A>.
</BODY></HTML>

[93m2024-08-16_13-41-50 1229 a5412dafa9af43f3354186c1daefa85d Hdbygdla flash Miguel_Moran 192.168.206.22: EVIDENCIA:

<HTML><HEAD><meta http-equiv="content-type" content="text/html;charset=utf-8">
<TITLE>301 Moved</TITLE></HEAD><BODY>
<H1>301 Moved</H1>
The document has moved
<A HREF="http://www.google.com/">here</A>.
</BODY></HTML>

[93m2024-08-16_13-41-57 1229 a5412dafa9af43f3354186c1daefa85d Hdbygdla flash Miguel_Moran 192.168.206.22: EVIDENCIA:

<HTML><HEAD><meta http-equiv="content-type" content="text/html;charset=utf-8">
<TITLE>301 Moved</TITLE></HEAD><BODY>
<H1>301 Moved</H1>
The document has moved
<A HREF="http://www.google.com/">here</A>.
</BODY></HTML>

[93m2024-08-16_13-42-04 1229 a5412dafa9af43f3354186c1daefa85d Hdbygdla flash Miguel_Moran 192.168.206.22: EVIDENCIA:

<HTML><HEAD><meta http-equiv="content-type" content="text/html;charset=utf-8">
<TITLE>301 Moved</TITLE></HEAD><BODY>
<H1>301 Moved</H1>
The document has moved
<A HREF="http://www.google.com/">here</A>.
</BODY></HTML>

[93m2024-08-16_13-42-12 1229 a5412dafa9af43f3354186c1daefa85d Hdbygdla flash Miguel_Moran 192.168.206.22: EVIDENCIA:

<HTML><HEAD><meta http-equiv="content-type" content="text/html;charset=utf-8">
<TITLE>301 Moved</TITLE></HEAD><BODY>
<H1>301 Moved</H1>
The document has moved
<A HREF="http://www.google.com/">here</A>.
</BODY></HTML>

[93m2024-08-16_13-42-18 1229 a5412dafa9af43f3354186c1daefa85d Hdbygdla flash Miguel_Moran 192.168.206.22: EVIDENCIA:

<HTML><HEAD><meta http-equiv="content-type" content="text/html;charset=utf-8">
<TITLE>301 Moved</TITLE></HEAD><BODY>
<H1>301 Moved</H1>
The document has moved
<A HREF="http://www.google.com/">here</A>.
</BODY></HTML>

[93m2024-08-16_13-42-25 1229 a5412dafa9af43f3354186c1daefa85d Hdbygdla flash Miguel_Moran 192.168.206.22: EVIDENCIA:

<HTML><HEAD><meta http-equiv="content-type" content="text/html;charset=utf-8">
<TITLE>301 Moved</TITLE></HEAD><BODY>
<H1>301 Moved</H1>
The document has moved
<A HREF="http://www.google.com/">here</A>.
</BODY></HTML>

[93m2024-08-16_13-42-31 1229 a5412dafa9af43f3354186c1daefa85d Hdbygdla flash Miguel_Moran 192.168.206.22: EVIDENCIA:

<HTML><HEAD><meta http-equiv="content-type" content="text/html;charset=utf-8">
<TITLE>301 Moved</TITLE></HEAD><BODY>
<H1>301 Moved</H1>
The document has moved
<A HREF="http://www.google.com/">here</A>.
</BODY></HTML>

[93m2024-08-16_13-42-38 1229 a5412dafa9af43f3354186c1daefa85d Hdbygdla flash Miguel_Moran 192.168.206.22: EVIDENCIA:

<HTML><HEAD><meta http-equiv="content-type" content="text/html;charset=utf-8">
<TITLE>301 Moved</TITLE></HEAD><BODY>
<H1>301 Moved</H1>
The document has moved
<A HREF="http://www.google.com/">here</A>.
</BODY></HTML>

[93m2024-08-16_13-42-45 1229 a5412dafa9af43f3354186c1daefa85d Hdbygdla flash Miguel_Moran 192.168.206.22: EVIDENCIA:

<HTML><HEAD><meta http-equiv="content-type" content="text/html;charset=utf-8">
<TITLE>301 Moved</TITLE></HEAD><BODY>
<H1>301 Moved</H1>
The document has moved
<A HREF="http://www.google.com/">here</A>.
</BODY></HTML>

[93m2024-08-16_13-42-52 1229 a5412dafa9af43f3354186c1daefa85d Hdbygdla flash Miguel_Moran 192.168.206.22: EVIDENCIA:

<HTML><HEAD><meta http-equiv="content-type" content="text/html;charset=utf-8">
<TITLE>301 Moved</TITLE></HEAD><BODY>
<H1>301 Moved</H1>
The document has moved
<A HREF="http://www.google.com/">here</A>.
</BODY></HTML>

[93m2024-08-16_13-42-58 1229 a5412dafa9af43f3354186c1daefa85d Hdbygdla flash Miguel_Moran 192.168.206.22: EVIDENCIA:

<HTML><HEAD><meta http-equiv="content-type" content="text/html;charset=utf-8">
<TITLE>301 Moved</TITLE></HEAD><BODY>
<H1>301 Moved</H1>
The document has moved
<A HREF="http://www.google.com/">here</A>.
</BODY></HTML>

[93m2024-08-16_13-43-03 1229 a5412dafa9af43f3354186c1daefa85d Hdbygdla flash Miguel_Moran 192.168.206.22: EVIDENCIA:

<HTML><HEAD><meta http-equiv="content-type" content="text/html;charset=utf-8">
<TITLE>301 Moved</TITLE></HEAD><BODY>
<H1>301 Moved</H1>
The document has moved
<A HREF="http://www.google.com/">here</A>.
</BODY></HTML>

[93m2024-08-16_13-43-10 1229 a5412dafa9af43f3354186c1daefa85d Hdbygdla flash Miguel_Moran 192.168.206.22: EVIDENCIA:

<HTML><HEAD><meta http-equiv="content-type" content="text/html;charset=utf-8">
<TITLE>301 Moved</TITLE></HEAD><BODY>
<H1>301 Moved</H1>
The document has moved
<A HREF="http://www.google.com/">here</A>.
</BODY></HTML>

[93m2024-08-16_13-43-17 1229 a5412dafa9af43f3354186c1daefa85d Hdbygdla flash Miguel_Moran 192.168.206.22: EVIDENCIA:

<HTML><HEAD><meta http-equiv="content-type" content="text/html;charset=utf-8">
<TITLE>301 Moved</TITLE></HEAD><BODY>
<H1>301 Moved</H1>
The document has moved
<A HREF="http://www.google.com/">here</A>.
</BODY></HTML>

[93m2024-08-16_13-43-23 1229 a5412dafa9af43f3354186c1daefa85d Hdbygdla flash Miguel_Moran 192.168.206.22: EVIDENCIA:

<HTML><HEAD><meta http-equiv="content-type" content="text/html;charset=utf-8">
<TITLE>301 Moved</TITLE></HEAD><BODY>
<H1>301 Moved</H1>
The document has moved
<A HREF="http://www.google.com/">here</A>.
</BODY></HTML>

[93m2024-08-16_13-43-28 1229 a5412dafa9af43f3354186c1daefa85d Hdbygdla flash Miguel_Moran 192.168.206.22: EVIDENCIA:

<HTML><HEAD><meta http-equiv="content-type" content="text/html;charset=utf-8">
<TITLE>301 Moved</TITLE></HEAD><BODY>
<H1>301 Moved</H1>
The document has moved
<A HREF="http://www.google.com/">here</A>.
</BODY></HTML>

[93m2024-08-16_13-43-34 1229 a5412dafa9af43f3354186c1daefa85d Hdbygdla flash Miguel_Moran 192.168.206.22: EVIDENCIA:

<HTML><HEAD><meta http-equiv="content-type" content="text/html;charset=utf-8">
<TITLE>301 Moved</TITLE></HEAD><BODY>
<H1>301 Moved</H1>
The document has moved
<A HREF="http://www.google.com/">here</A>.
</BODY></HTML>

[93m2024-08-16_13-43-42 1229 a5412dafa9af43f3354186c1daefa85d Hdbygdla flash Miguel_Moran 192.168.206.22: EVIDENCIA:

<HTML><HEAD><meta http-equiv="content-type" content="text/html;charset=utf-8">
<TITLE>301 Moved</TITLE></HEAD><BODY>
<H1>301 Moved</H1>
The document has moved
<A HREF="http://www.google.com/">here</A>.
</BODY></HTML>

[93m2024-08-16_13-43-49 1229 a5412dafa9af43f3354186c1daefa85d Hdbygdla flash Miguel_Moran 192.168.206.22: EVIDENCIA:

<HTML><HEAD><meta http-equiv="content-type" content="text/html;charset=utf-8">
<TITLE>301 Moved</TITLE></HEAD><BODY>
<H1>301 Moved</H1>
The document has moved
<A HREF="http://www.google.com/">here</A>.
</BODY></HTML>

[93m2024-08-16_13-43-56 1229 a5412dafa9af43f3354186c1daefa85d Hdbygdla flash Miguel_Moran 192.168.206.22: EVIDENCIA:

<HTML><HEAD><meta http-equiv="content-type" content="text/html;charset=utf-8">
<TITLE>301 Moved</TITLE></HEAD><BODY>
<H1>301 Moved</H1>
The document has moved
<A HREF="http://www.google.com/">here</A>.
</BODY></HTML>

[93m2024-08-16_13-44-03 1229 a5412dafa9af43f3354186c1daefa85d Hdbygdla flash Miguel_Moran 192.168.206.22: EVIDENCIA:

<HTML><HEAD><meta http-equiv="content-type" content="text/html;charset=utf-8">
<TITLE>301 Moved</TITLE></HEAD><BODY>
<H1>301 Moved</H1>
The document has moved
<A HREF="http://www.google.com/">here</A>.
</BODY></HTML>

[93m2024-08-16_13-44-10 1229 a5412dafa9af43f3354186c1daefa85d Hdbygdla flash Miguel_Moran 192.168.206.22: EVIDENCIA:

<HTML><HEAD><meta http-equiv="content-type" content="text/html;charset=utf-8">
<TITLE>301 Moved</TITLE></HEAD><BODY>
<H1>301 Moved</H1>
The document has moved
<A HREF="http://www.google.com/">here</A>.
</BODY></HTML>

[93m2024-08-16_13-44-16 1229 a5412dafa9af43f3354186c1daefa85d Hdbygdla flash Miguel_Moran 192.168.206.22: EVIDENCIA:

<HTML><HEAD><meta http-equiv="content-type" content="text/html;charset=utf-8">
<TITLE>301 Moved</TITLE></HEAD><BODY>
<H1>301 Moved</H1>
The document has moved
<A HREF="http://www.google.com/">here</A>.
</BODY></HTML>

[93m2024-08-16_13-44-21 1229 a5412dafa9af43f3354186c1daefa85d Hdbygdla flash Miguel_Moran 192.168.206.22: EVIDENCIA:

<HTML><HEAD><meta http-equiv="content-type" content="text/html;charset=utf-8">
<TITLE>301 Moved</TITLE></HEAD><BODY>
<H1>301 Moved</H1>
The document has moved
<A HREF="http://www.google.com/">here</A>.
</BODY></HTML>

[93m2024-08-16_13-44-28 1229 a5412dafa9af43f3354186c1daefa85d Hdbygdla flash Miguel_Moran 192.168.206.22: EVIDENCIA:

<HTML><HEAD><meta http-equiv="content-type" content="text/html;charset=utf-8">
<TITLE>301 Moved</TITLE></HEAD><BODY>
<H1>301 Moved</H1>
The document has moved
<A HREF="http://www.google.com/">here</A>.
</BODY></HTML>

[93m2024-08-16_13-44-33 1229 a5412dafa9af43f3354186c1daefa85d Hdbygdla flash Miguel_Moran 192.168.206.22: EVIDENCIA:

<HTML><HEAD><meta http-equiv="content-type" content="text/html;charset=utf-8">
<TITLE>301 Moved</TITLE></HEAD><BODY>
<H1>301 Moved</H1>
The document has moved
<A HREF="http://www.google.com/">here</A>.
</BODY></HTML>

[93m2024-08-16_13-44-39 1229 a5412dafa9af43f3354186c1daefa85d Hdbygdla flash Miguel_Moran 192.168.206.22: EVIDENCIA:

<HTML><HEAD><meta http-equiv="content-type" content="text/html;charset=utf-8">
<TITLE>301 Moved</TITLE></HEAD><BODY>
<H1>301 Moved</H1>
The document has moved
<A HREF="http://www.google.com/">here</A>.
</BODY></HTML>

[93m2024-08-16_13-44-45 1229 a5412dafa9af43f3354186c1daefa85d Hdbygdla flash Miguel_Moran 192.168.206.22: EVIDENCIA:

<HTML><HEAD><meta http-equiv="content-type" content="text/html;charset=utf-8">
<TITLE>301 Moved</TITLE></HEAD><BODY>
<H1>301 Moved</H1>
The document has moved
<A HREF="http://www.google.com/">here</A>.
</BODY></HTML>

[93m2024-08-16_13-44-52 1229 a5412dafa9af43f3354186c1daefa85d Hdbygdla flash Miguel_Moran 192.168.206.22: EVIDENCIA:

<HTML><HEAD><meta http-equiv="content-type" content="text/html;charset=utf-8">
<TITLE>301 Moved</TITLE></HEAD><BODY>
<H1>301 Moved</H1>
The document has moved
<A HREF="http://www.google.com/">here</A>.
</BODY></HTML>

[93m2024-08-16_13-45-00 1229 a5412dafa9af43f3354186c1daefa85d Hdbygdla flash Miguel_Moran 192.168.206.22: EVIDENCIA:

<HTML><HEAD><meta http-equiv="content-type" content="text/html;charset=utf-8">
<TITLE>301 Moved</TITLE></HEAD><BODY>
<H1>301 Moved</H1>
The document has moved
<A HREF="http://www.google.com/">here</A>.
</BODY></HTML>

[93m2024-08-16_13-45-06 1229 a5412dafa9af43f3354186c1daefa85d Hdbygdla flash Miguel_Moran 192.168.206.22: EVIDENCIA:

<HTML><HEAD><meta http-equiv="content-type" content="text/html;charset=utf-8">
<TITLE>301 Moved</TITLE></HEAD><BODY>
<H1>301 Moved</H1>
The document has moved
<A HREF="http://www.google.com/">here</A>.
</BODY></HTML>

[93m2024-08-16_13-45-12 1229 a5412dafa9af43f3354186c1daefa85d Hdbygdla flash Miguel_Moran 192.168.206.22: EVIDENCIA:

<HTML><HEAD><meta http-equiv="content-type" content="text/html;charset=utf-8">
<TITLE>301 Moved</TITLE></HEAD><BODY>
<H1>301 Moved</H1>
The document has moved
<A HREF="http://www.google.com/">here</A>.
</BODY></HTML>

[93m2024-08-16_13-45-18 1229 a5412dafa9af43f3354186c1daefa85d Hdbygdla flash Miguel_Moran 192.168.206.22: EVIDENCIA:

<HTML><HEAD><meta http-equiv="content-type" content="text/html;charset=utf-8">
<TITLE>301 Moved</TITLE></HEAD><BODY>
<H1>301 Moved</H1>
The document has moved
<A HREF="http://www.google.com/">here</A>.
</BODY></HTML>

[93m2024-08-16_17-20-13 1229 a5412dafa9af43f3354186c1daefa85d Hdbygdla flash Miguel_Moran 192.168.206.22: EVIDENCIA:

<HTML><HEAD><meta http-equiv="content-type" content="text/html;charset=utf-8">
<TITLE>301 Moved</TITLE></HEAD><BODY>
<H1>301 Moved</H1>
The document has moved
<A HREF="http://www.google.com/">here</A>.
</BODY></HTML>

[93m2024-08-16_17-20-23 1229 a5412dafa9af43f3354186c1daefa85d Hdbygdla flash Miguel_Moran 192.168.206.22: EVIDENCIA:

<HTML><HEAD><meta http-equiv="content-type" content="text/html;charset=utf-8">
<TITLE>301 Moved</TITLE></HEAD><BODY>
<H1>301 Moved</H1>
The document has moved
<A HREF="http://www.google.com/">here</A>.
</BODY></HTML>

[93m2024-08-16_17-20-29 1229 a5412dafa9af43f3354186c1daefa85d Hdbygdla flash Miguel_Moran 192.168.206.22: EVIDENCIA:

<HTML><HEAD><meta http-equiv="content-type" content="text/html;charset=utf-8">
<TITLE>301 Moved</TITLE></HEAD><BODY>
<H1>301 Moved</H1>
The document has moved
<A HREF="http://www.google.com/">here</A>.
</BODY></HTML>

[93m2024-08-16_17-20-38 1229 a5412dafa9af43f3354186c1daefa85d Hdbygdla flash Miguel_Moran 192.168.206.22: EVIDENCIA:

<HTML><HEAD><meta http-equiv="content-type" content="text/html;charset=utf-8">
<TITLE>301 Moved</TITLE></HEAD><BODY>
<H1>301 Moved</H1>
The document has moved
<A HREF="http://www.google.com/">here</A>.
</BODY></HTML>

[93m2024-08-16_17-20-43 1229 a5412dafa9af43f3354186c1daefa85d Hdbygdla flash Miguel_Moran 192.168.206.22: EVIDENCIA:

<HTML><HEAD><meta http-equiv="content-type" content="text/html;charset=utf-8">
<TITLE>301 Moved</TITLE></HEAD><BODY>
<H1>301 Moved</H1>
The document has moved
<A HREF="http://www.google.com/">here</A>.
</BODY></HTML>

[93m2024-08-16_17-20-50 1229 a5412dafa9af43f3354186c1daefa85d Hdbygdla flash Miguel_Moran 192.168.206.22: EVIDENCIA:

<HTML><HEAD><meta http-equiv="content-type" content="text/html;charset=utf-8">
<TITLE>301 Moved</TITLE></HEAD><BODY>
<H1>301 Moved</H1>
The document has moved
<A HREF="http://www.google.com/">here</A>.
</BODY></HTML>

[93m2024-08-16_17-20-56 1229 a5412dafa9af43f3354186c1daefa85d Hdbygdla flash Miguel_Moran 192.168.206.22: EVIDENCIA:

<HTML><HEAD><meta http-equiv="content-type" content="text/html;charset=utf-8">
<TITLE>301 Moved</TITLE></HEAD><BODY>
<H1>301 Moved</H1>
The document has moved
<A HREF="http://www.google.com/">here</A>.
</BODY></HTML>

[93m2024-08-16_17-21-04 1229 a5412dafa9af43f3354186c1daefa85d Hdbygdla flash Miguel_Moran 192.168.206.22: EVIDENCIA:

<HTML><HEAD><meta http-equiv="content-type" content="text/html;charset=utf-8">
<TITLE>301 Moved</TITLE></HEAD><BODY>
<H1>301 Moved</H1>
The document has moved
<A HREF="http://www.google.com/">here</A>.
</BODY></HTML>

[93m2024-08-16_17-21-11 1229 a5412dafa9af43f3354186c1daefa85d Hdbygdla flash Miguel_Moran 192.168.206.22: EVIDENCIA:

<HTML><HEAD><meta http-equiv="content-type" content="text/html;charset=utf-8">
<TITLE>301 Moved</TITLE></HEAD><BODY>
<H1>301 Moved</H1>
The document has moved
<A HREF="http://www.google.com/">here</A>.
</BODY></HTML>

[93m2024-08-16_17-21-17 1229 a5412dafa9af43f3354186c1daefa85d Hdbygdla flash Miguel_Moran 192.168.206.22: EVIDENCIA:

<HTML><HEAD><meta http-equiv="content-type" content="text/html;charset=utf-8">
<TITLE>301 Moved</TITLE></HEAD><BODY>
<H1>301 Moved</H1>
The document has moved
<A HREF="http://www.google.com/">here</A>.
</BODY></HTML>

[93m2024-08-16_17-24-21 1561 a5412dafa9af43f3354186c1daefa85d Hdbygdla flash Miguel_Moran 192.168.206.22: EVIDENCIA:

<HTML><HEAD><meta http-equiv="content-type" content="text/html;charset=utf-8">
<TITLE>301 Moved</TITLE></HEAD><BODY>
<H1>301 Moved</H1>
The document has moved
<A HREF="http://www.google.com/">here</A>.
</BODY></HTML>

[93m2024-08-16_17-24-30 1561 a5412dafa9af43f3354186c1daefa85d Hdbygdla flash Miguel_Moran 192.168.206.22: EVIDENCIA:

<HTML><HEAD><meta http-equiv="content-type" content="text/html;charset=utf-8">
<TITLE>301 Moved</TITLE></HEAD><BODY>
<H1>301 Moved</H1>
The document has moved
<A HREF="http://www.google.com/">here</A>.
</BODY></HTML>

[93m2024-08-16_17-24-38 1561 a5412dafa9af43f3354186c1daefa85d Hdbygdla flash Miguel_Moran 192.168.206.22: EVIDENCIA:

<HTML><HEAD><meta http-equiv="content-type" content="text/html;charset=utf-8">
<TITLE>301 Moved</TITLE></HEAD><BODY>
<H1>301 Moved</H1>
The document has moved
<A HREF="http://www.google.com/">here</A>.
</BODY></HTML>

[93m2024-08-16_17-24-48 1561 a5412dafa9af43f3354186c1daefa85d Hdbygdla flash Miguel_Moran 192.168.206.22: EVIDENCIA:

<HTML><HEAD><meta http-equiv="content-type" content="text/html;charset=utf-8">
<TITLE>301 Moved</TITLE></HEAD><BODY>
<H1>301 Moved</H1>
The document has moved
<A HREF="http://www.google.com/">here</A>.
</BODY></HTML>
